This is XeTeX, Version 3.14159265-2.6-0.999991 (TeX Live 2019/W32TeX) (preloaded format=xelatex 2019.11.14)  18 NOV 2019 01:35
entering extended mode
 \write18 enabled.
 %&-line parsing enabled.
**CheatSheet.tex
(./CheatSheet.tex
LaTeX2e <2018-12-01>
(d:/Application/texlive/2019/texmf-dist/tex/latex/base/article.cls
Document Class: article 2018/09/03 v1.4i Standard LaTeX document class
(d:/Application/texlive/2019/texmf-dist/tex/latex/base/size12.clo
File: size12.clo 2018/09/03 v1.4i Standard LaTeX file (size option)
)
\c@part=\count80
\c@section=\count81
\c@subsection=\count82
\c@subsubsection=\count83
\c@paragraph=\count84
\c@subparagraph=\count85
\c@figure=\count86
\c@table=\count87
\abovecaptionskip=\skip41
\belowcaptionskip=\skip42
\bibindent=\dimen102
)
(./CheatSheet.sty
(d:/Application/texlive/2019/texmf-dist/tex/xelatex/xecjk/xeCJK.sty
(d:/Application/texlive/2019/texmf-dist/tex/latex/l3kernel/expl3.sty
Package: expl3 2019-04-06 L3 programming layer (loader) 

(d:/Application/texlive/2019/texmf-dist/tex/latex/l3kernel/expl3-code.tex
Package: expl3 2019-04-06 L3 programming layer (code)
\c_max_int=\count88
\l_tmpa_int=\count89
\l_tmpb_int=\count90
\g_tmpa_int=\count91
\g_tmpb_int=\count92
\g__kernel_prg_map_int=\count93
\c__ior_term_ior=\count94
\c_log_iow=\count95
\l_iow_line_count_int=\count96
\l__iow_line_target_int=\count97
\l__iow_one_indent_int=\count98
\l__iow_indent_int=\count99
\c_zero_dim=\dimen103
\c_max_dim=\dimen104
\l_tmpa_dim=\dimen105
\l_tmpb_dim=\dimen106
\g_tmpa_dim=\dimen107
\g_tmpb_dim=\dimen108
\c_zero_skip=\skip43
\c_max_skip=\skip44
\l_tmpa_skip=\skip45
\l_tmpb_skip=\skip46
\g_tmpa_skip=\skip47
\g_tmpb_skip=\skip48
\c_zero_muskip=\muskip10
\c_max_muskip=\muskip11
\l_tmpa_muskip=\muskip12
\l_tmpb_muskip=\muskip13
\g_tmpa_muskip=\muskip14
\g_tmpb_muskip=\muskip15
\l_keys_choice_int=\count100
\l__intarray_loop_int=\count101
\c__intarray_sp_dim=\dimen109
\g__intarray_font_int=\count102
\c__fp_leading_shift_int=\count103
\c__fp_middle_shift_int=\count104
\c__fp_trailing_shift_int=\count105
\c__fp_big_leading_shift_int=\count106
\c__fp_big_middle_shift_int=\count107
\c__fp_big_trailing_shift_int=\count108
\c__fp_Bigg_leading_shift_int=\count109
\c__fp_Bigg_middle_shift_int=\count110
\c__fp_Bigg_trailing_shift_int=\count111
\g__fp_array_int=\count112
\l__fp_array_loop_int=\count113
\l__sort_length_int=\count114
\l__sort_min_int=\count115
\l__sort_top_int=\count116
\l__sort_max_int=\count117
\l__sort_true_max_int=\count118
\l__sort_block_int=\count119
\l__sort_begin_int=\count120
\l__sort_end_int=\count121
\l__sort_A_int=\count122
\l__sort_B_int=\count123
\l__sort_C_int=\count124
\l__tl_analysis_normal_int=\count125
\l__tl_analysis_index_int=\count126
\l__tl_analysis_nesting_int=\count127
\l__tl_analysis_type_int=\count128
\l__regex_internal_a_int=\count129
\l__regex_internal_b_int=\count130
\l__regex_internal_c_int=\count131
\l__regex_balance_int=\count132
\l__regex_group_level_int=\count133
\l__regex_mode_int=\count134
\c__regex_cs_in_class_mode_int=\count135
\c__regex_cs_mode_int=\count136
\l__regex_catcodes_int=\count137
\l__regex_default_catcodes_int=\count138
\c__regex_catcode_L_int=\count139
\c__regex_catcode_O_int=\count140
\c__regex_catcode_A_int=\count141
\c__regex_all_catcodes_int=\count142
\l__regex_show_lines_int=\count143
\l__regex_min_state_int=\count144
\l__regex_max_state_int=\count145
\l__regex_left_state_int=\count146
\l__regex_right_state_int=\count147
\l__regex_capturing_group_int=\count148
\l__regex_min_pos_int=\count149
\l__regex_max_pos_int=\count150
\l__regex_curr_pos_int=\count151
\l__regex_start_pos_int=\count152
\l__regex_success_pos_int=\count153
\l__regex_curr_char_int=\count154
\l__regex_curr_catcode_int=\count155
\l__regex_last_char_int=\count156
\l__regex_case_changed_char_int=\count157
\l__regex_curr_state_int=\count158
\l__regex_step_int=\count159
\l__regex_min_active_int=\count160
\l__regex_max_active_int=\count161
\l__regex_replacement_csnames_int=\count162
\l__regex_match_count_int=\count163
\l__regex_min_submatch_int=\count164
\l__regex_submatch_int=\count165
\l__regex_zeroth_submatch_int=\count166
\g__regex_trace_regex_int=\count167
\c_empty_box=\box27
\l_tmpa_box=\box28
\l_tmpb_box=\box29
\g_tmpa_box=\box30
\g_tmpb_box=\box31
\l__box_top_dim=\dimen110
\l__box_bottom_dim=\dimen111
\l__box_left_dim=\dimen112
\l__box_right_dim=\dimen113
\l__box_top_new_dim=\dimen114
\l__box_bottom_new_dim=\dimen115
\l__box_left_new_dim=\dimen116
\l__box_right_new_dim=\dimen117
\l__box_internal_box=\box32
\l__coffin_internal_box=\box33
\l__coffin_internal_dim=\dimen118
\l__coffin_offset_x_dim=\dimen119
\l__coffin_offset_y_dim=\dimen120
\l__coffin_x_dim=\dimen121
\l__coffin_y_dim=\dimen122
\l__coffin_x_prime_dim=\dimen123
\l__coffin_y_prime_dim=\dimen124
\c_empty_coffin=\box34
\l__coffin_aligned_coffin=\box35
\l__coffin_aligned_internal_coffin=\box36
\l_tmpa_coffin=\box37
\l_tmpb_coffin=\box38
\g_tmpa_coffin=\box39
\g_tmpb_coffin=\box40
\l__coffin_bounding_shift_dim=\dimen125
\l__coffin_left_corner_dim=\dimen126
\l__coffin_right_corner_dim=\dimen127
\l__coffin_bottom_corner_dim=\dimen128
\l__coffin_top_corner_dim=\dimen129
\l__coffin_scaled_total_height_dim=\dimen130
\l__coffin_scaled_width_dim=\dimen131
\c__coffin_empty_coffin=\box41
\l__coffin_display_coffin=\box42
\l__coffin_display_coord_coffin=\box43
\l__coffin_display_pole_coffin=\box44
\l__coffin_display_offset_dim=\dimen132
\l__coffin_display_x_dim=\dimen133
\l__coffin_display_y_dim=\dimen134
\g__file_internal_ior=\read1
\l__seq_internal_a_int=\count168
\l__seq_internal_b_int=\count169
\c__deprecation_minus_one=\count170
)
(d:/Application/texlive/2019/texmf-dist/tex/latex/l3kernel/l3xdvipdfmx.def
File: l3xdvipdfmx.def 2019-04-06 v L3 Experimental driver: xdvipdfmx
\g__driver_image_int=\count171
\g__driver_pdf_object_int=\count172
))
Package: xeCJK 2019/04/07 v3.7.2 Typesetting CJK scripts with XeLaTeX

(d:/Application/texlive/2019/texmf-dist/tex/latex/l3packages/xtemplate/xtemplat
e.sty
Package: xtemplate 2019-03-05 L3 Experimental prototype document functions
\l__xtemplate_tmp_dim=\dimen135
\l__xtemplate_tmp_int=\count173
\l__xtemplate_tmp_muskip=\muskip16
\l__xtemplate_tmp_skip=\skip49
)
(d:/Application/texlive/2019/texmf-dist/tex/latex/l3packages/xparse/xparse.sty
Package: xparse 2019-03-05 L3 Experimental document command parser
\l__xparse_current_arg_int=\count174
\g__xparse_grabber_int=\count175
\l__xparse_m_args_int=\count176
\l__xparse_v_nesting_int=\count177
)
(d:/Application/texlive/2019/texmf-dist/tex/latex/l3packages/l3keys2e/l3keys2e.
sty
Package: l3keys2e 2019-03-05 LaTeX2e option processing using LaTeX3 keys
)
\l__xeCJK_tmp_int=\count178
\l__xeCJK_tmp_box=\box45
\l__xeCJK_tmp_dim=\dimen136
\l__xeCJK_tmp_skip=\skip50
\g__xeCJK_space_factor_int=\count179
\l__xeCJK_begin_int=\count180
\l__xeCJK_end_int=\count181
\c__xeCJK_CJK_class_int=\XeTeXcharclass1
\c__xeCJK_FullLeft_class_int=\XeTeXcharclass2
\c__xeCJK_FullRight_class_int=\XeTeXcharclass3
\c__xeCJK_HalfLeft_class_int=\XeTeXcharclass4
\c__xeCJK_HalfRight_class_int=\XeTeXcharclass5
\c__xeCJK_NormalSpace_class_int=\XeTeXcharclass6
\c__xeCJK_CM_class_int=\XeTeXcharclass7
\c__xeCJK_HangulJamo_class_int=\XeTeXcharclass8
\l__xeCJK_last_skip=\skip51
\g__xeCJK_node_int=\count182
\c__xeCJK_CJK_node_dim=\dimen137
\c__xeCJK_CJK-space_node_dim=\dimen138
\c__xeCJK_default_node_dim=\dimen139
\c__xeCJK_default-space_node_dim=\dimen140
\c__xeCJK_CJK-widow_node_dim=\dimen141
\c__xeCJK_normalspace_node_dim=\dimen142
\l__xeCJK_ccglue_skip=\skip52
\l__xeCJK_ecglue_skip=\skip53
\l__xeCJK_punct_kern_skip=\skip54
\l__xeCJK_last_penalty_int=\count183
\l__xeCJK_last_bound_dim=\dimen143
\l__xeCJK_last_kern_dim=\dimen144
\l__xeCJK_widow_penalty_int=\count184

Package xtemplate Info: Declaring object type 'xeCJK/punctuation' taking 0
(xtemplate)             argument(s) on line 2352.

\l__xeCJK_fixed_punct_width_dim=\dimen145
\l__xeCJK_mixed_punct_width_dim=\dimen146
\l__xeCJK_middle_punct_width_dim=\dimen147
\l__xeCJK_fixed_margin_width_dim=\dimen148
\l__xeCJK_mixed_margin_width_dim=\dimen149
\l__xeCJK_middle_margin_width_dim=\dimen150
\l__xeCJK_bound_punct_width_dim=\dimen151
\l__xeCJK_bound_margin_width_dim=\dimen152
\l__xeCJK_margin_minimum_dim=\dimen153
\l__xeCJK_kerning_total_width_dim=\dimen154
\l__xeCJK_same_align_margin_dim=\dimen155
\l__xeCJK_different_align_margin_dim=\dimen156
\l__xeCJK_kerning_margin_width_dim=\dimen157
\l__xeCJK_kerning_margin_minimum_dim=\dimen158
\l__xeCJK_bound_dim=\dimen159
\l__xeCJK_reverse_bound_dim=\dimen160
\l__xeCJK_minimum_bound_dim=\dimen161
\l__xeCJK_kerning_margin_dim=\dimen162
\l__xeCJK_original_margin_dim=\dimen163
\g__xeCJK_family_int=\count185
\l__xeCJK_fam_int=\count186
\g__xeCJK_fam_allocation_int=\count187
\l__xeCJK_verb_case_int=\count188
\l__xeCJK_verb_exspace_skip=\skip55
 (d:/Application/texlive/2019/texmf-dist/tex/latex/fontspec/fontspec.sty
Package: fontspec 2019/03/15 v2.7c Font selection for XeLaTeX and LuaLaTeX

(d:/Application/texlive/2019/texmf-dist/tex/latex/fontspec/fontspec-xetex.sty
Package: fontspec-xetex 2019/03/15 v2.7c Font selection for XeLaTeX and LuaLaTe
X
\l__fontspec_script_int=\count189
\l__fontspec_language_int=\count190
\l__fontspec_strnum_int=\count191
\l__fontspec_tmp_int=\count192
\l__fontspec_tmpa_int=\count193
\l__fontspec_tmpb_int=\count194
\l__fontspec_tmpc_int=\count195
\l__fontspec_em_int=\count196
\l__fontspec_emdef_int=\count197
\l__fontspec_strong_int=\count198
\l__fontspec_strongdef_int=\count199
\l__fontspec_tmpa_dim=\dimen164
\l__fontspec_tmpb_dim=\dimen165
\l__fontspec_tmpc_dim=\dimen166

(d:/Application/texlive/2019/texmf-dist/tex/latex/base/fontenc.sty
Package: fontenc 2018/08/11 v2.0j Standard LaTeX package

(d:/Application/texlive/2019/texmf-dist/tex/latex/base/tuenc.def
File: tuenc.def 2018/08/11 v2.0j Standard LaTeX file
LaTeX Font Info:    Redeclaring font encoding TU on input line 82.
))
(d:/Application/texlive/2019/texmf-dist/tex/latex/fontspec/fontspec.cfg)
LaTeX Info: Redefining \itshape on input line 4051.
LaTeX Info: Redefining \slshape on input line 4056.
LaTeX Info: Redefining \scshape on input line 4061.
LaTeX Info: Redefining \upshape on input line 4066.
LaTeX Info: Redefining \em on input line 4096.
LaTeX Info: Redefining \emph on input line 4121.
))
(d:/Application/texlive/2019/texmf-dist/tex/xelatex/xecjk/xeCJK.cfg
File: xeCJK.cfg 2019/04/07 v3.7.2 Configuration file for xeCJK package
))

Package fontspec Warning: Font "FandolSong-Regular" does not contain requested
(fontspec)                Script "CJK".


Package fontspec Info: Font family 'FandolSong-Regular(0)' created for font
(fontspec)             'FandolSong-Regular' with options
(fontspec)             [Script={CJK},BoldFont={FandolSong-Bold},ItalicFont={Fan
dolSong-Regular}].
(fontspec)              
(fontspec)              This font family consists of the following NFSS
(fontspec)             series/shapes:
(fontspec)              
(fontspec)             - 'normal' (m/n) with NFSS spec.:
(fontspec)             <->"FandolSong-Regular/OT"
(fontspec)             - 'small caps'  (m/sc) with NFSS spec.: 
(fontspec)             - 'bold' (bx/n) with NFSS spec.:
(fontspec)             <->"FandolSong-Bold/OT"
(fontspec)             - 'bold small caps'  (bx/sc) with NFSS spec.: 
(fontspec)             - 'italic' (m/it) with NFSS spec.:
(fontspec)             <->"FandolSong-Regular/OT"
(fontspec)             - 'italic small caps'  (m/itsc) with NFSS spec.: 
(fontspec)             - 'bold italic' (bx/it) with NFSS spec.:
(fontspec)             <->"FandolSong-Regular/B/OT"
(fontspec)             - 'bold italic small caps'  (bx/itsc) with NFSS spec.: 

(d:/Application/texlive/2019/texmf-dist/tex/latex/amsmath/amsmath.sty
Package: amsmath 2018/12/01 v2.17b AMS math features
\@mathmargin=\skip56

For additional information on amsmath, use the `?' option.
(d:/Application/texlive/2019/texmf-dist/tex/latex/amsmath/amstext.sty
Package: amstext 2000/06/29 v2.01 AMS text

(d:/Application/texlive/2019/texmf-dist/tex/latex/amsmath/amsgen.sty
File: amsgen.sty 1999/11/30 v2.0 generic functions
\@emptytoks=\toks14
\ex@=\dimen167
))
(d:/Application/texlive/2019/texmf-dist/tex/latex/amsmath/amsbsy.sty
Package: amsbsy 1999/11/29 v1.2d Bold Symbols
\pmbraise@=\dimen168
)
(d:/Application/texlive/2019/texmf-dist/tex/latex/amsmath/amsopn.sty
Package: amsopn 2016/03/08 v2.02 operator names
)
\inf@bad=\count266
LaTeX Info: Redefining \frac on input line 223.
\uproot@=\count267
\leftroot@=\count268
LaTeX Info: Redefining \overline on input line 385.
\classnum@=\count269
\DOTSCASE@=\count270
LaTeX Info: Redefining \ldots on input line 482.
LaTeX Info: Redefining \dots on input line 485.
LaTeX Info: Redefining \cdots on input line 606.
\Mathstrutbox@=\box46
\strutbox@=\box47
\big@size=\dimen169
LaTeX Font Info:    Redeclaring font encoding OML on input line 729.
LaTeX Font Info:    Redeclaring font encoding OMS on input line 730.
\macc@depth=\count271
\c@MaxMatrixCols=\count272
\dotsspace@=\muskip17
\c@parentequation=\count273
\dspbrk@lvl=\count274
\tag@help=\toks15
\row@=\count275
\column@=\count276
\maxfields@=\count277
\andhelp@=\toks16
\eqnshift@=\dimen170
\alignsep@=\dimen171
\tagshift@=\dimen172
\tagwidth@=\dimen173
\totwidth@=\dimen174
\lineht@=\dimen175
\@envbody=\toks17
\multlinegap=\skip57
\multlinetaggap=\skip58
\mathdisplay@stack=\toks18
LaTeX Info: Redefining \[ on input line 2844.
LaTeX Info: Redefining \] on input line 2845.
)
(d:/Application/texlive/2019/texmf-dist/tex/latex/amscls/amsthm.sty
Package: amsthm 2017/10/31 v2.20.4
\thm@style=\toks19
\thm@bodyfont=\toks20
\thm@headfont=\toks21
\thm@notefont=\toks22
\thm@headpunct=\toks23
\thm@preskip=\skip59
\thm@postskip=\skip60
\thm@headsep=\skip61
\dth@everypar=\toks24
)
(d:/Application/texlive/2019/texmf-dist/tex/latex/shorttoc/shorttoc.sty
Package: shorttoc 2002/08/20 v1.3 Short table of contents (JPFD)
)
(d:/Application/texlive/2019/texmf-dist/tex/latex/minted/minted.sty
Package: minted 2017/07/19 v2.5 Yet another Pygments shim for LaTeX

(d:/Application/texlive/2019/texmf-dist/tex/latex/graphics/keyval.sty
Package: keyval 2014/10/28 v1.15 key=value parser (DPC)
\KV@toks@=\toks25
)
(d:/Application/texlive/2019/texmf-dist/tex/latex/oberdiek/kvoptions.sty
Package: kvoptions 2016/05/16 v3.12 Key value format for package options (HO)

(d:/Application/texlive/2019/texmf-dist/tex/generic/oberdiek/ltxcmds.sty
Package: ltxcmds 2016/05/16 v1.23 LaTeX kernel commands for general use (HO)
)
(d:/Application/texlive/2019/texmf-dist/tex/generic/oberdiek/kvsetkeys.sty
Package: kvsetkeys 2016/05/16 v1.17 Key value parser (HO)

(d:/Application/texlive/2019/texmf-dist/tex/generic/oberdiek/infwarerr.sty
Package: infwarerr 2016/05/16 v1.4 Providing info/warning/error messages (HO)
)
(d:/Application/texlive/2019/texmf-dist/tex/generic/oberdiek/etexcmds.sty
Package: etexcmds 2016/05/16 v1.6 Avoid name clashes with e-TeX commands (HO)

(d:/Application/texlive/2019/texmf-dist/tex/generic/oberdiek/ifluatex.sty
Package: ifluatex 2016/05/16 v1.4 Provides the ifluatex switch (HO)
Package ifluatex Info: LuaTeX not detected.
))))
(d:/Application/texlive/2019/texmf-dist/tex/latex/fvextra/fvextra.sty
Package: fvextra 2019/02/04 v1.4 fvextra - extensions and patches for fancyvrb

(d:/Application/texlive/2019/texmf-dist/tex/latex/base/ifthen.sty
Package: ifthen 2014/09/29 v1.1c Standard LaTeX ifthen package (DPC)
)
(d:/Application/texlive/2019/texmf-dist/tex/latex/etoolbox/etoolbox.sty
Package: etoolbox 2018/08/19 v2.5f e-TeX tools for LaTeX (JAW)
\etb@tempcnta=\count278
)
(d:/Application/texlive/2019/texmf-dist/tex/latex/fancyvrb/fancyvrb.sty
Package: fancyvrb 2019/01/15

Style option: `fancyvrb' v3.2a <2019/01/15> (tvz)
\FV@CodeLineNo=\count279
\FV@InFile=\read2
\FV@TabBox=\box48
\c@FancyVerbLine=\count280
\FV@StepNumber=\count281
\FV@OutFile=\write3
)
(d:/Application/texlive/2019/texmf-dist/tex/latex/upquote/upquote.sty
Package: upquote 2012/04/19 v1.3 upright-quote and grave-accent glyphs in verba
tim

(d:/Application/texlive/2019/texmf-dist/tex/latex/base/textcomp.sty
Package: textcomp 2018/08/11 v2.0j Standard LaTeX package
Package textcomp Info: Sub-encoding information:
(textcomp)               5 = only ISO-Adobe without \textcurrency
(textcomp)               4 = 5 + \texteuro
(textcomp)               3 = 4 + \textohm
(textcomp)               2 = 3 + \textestimated + \textcurrency
(textcomp)               1 = TS1 - \textcircled - \t
(textcomp)               0 = TS1 (full)
(textcomp)             Font families with sub-encoding setting implement
(textcomp)             only a restricted character set as indicated.
(textcomp)             Family '?' is the default used for unknown fonts.
(textcomp)             See the documentation for details.
Package textcomp Info: Setting ? sub-encoding to TS1/1 on input line 79.

(d:/Application/texlive/2019/texmf-dist/tex/latex/base/ts1enc.def
File: ts1enc.def 2001/06/05 v3.0e (jk/car/fm) Standard LaTeX file
)
LaTeX Info: Redefining \oldstylenums on input line 334.
Package textcomp Info: Setting cmr sub-encoding to TS1/0 on input line 349.
Package textcomp Info: Setting cmss sub-encoding to TS1/0 on input line 350.
Package textcomp Info: Setting cmtt sub-encoding to TS1/0 on input line 351.
Package textcomp Info: Setting cmvtt sub-encoding to TS1/0 on input line 352.
Package textcomp Info: Setting cmbr sub-encoding to TS1/0 on input line 353.
Package textcomp Info: Setting cmtl sub-encoding to TS1/0 on input line 354.
Package textcomp Info: Setting ccr sub-encoding to TS1/0 on input line 355.
Package textcomp Info: Setting ptm sub-encoding to TS1/4 on input line 356.
Package textcomp Info: Setting pcr sub-encoding to TS1/4 on input line 357.
Package textcomp Info: Setting phv sub-encoding to TS1/4 on input line 358.
Package textcomp Info: Setting ppl sub-encoding to TS1/3 on input line 359.
Package textcomp Info: Setting pag sub-encoding to TS1/4 on input line 360.
Package textcomp Info: Setting pbk sub-encoding to TS1/4 on input line 361.
Package textcomp Info: Setting pnc sub-encoding to TS1/4 on input line 362.
Package textcomp Info: Setting pzc sub-encoding to TS1/4 on input line 363.
Package textcomp Info: Setting bch sub-encoding to TS1/4 on input line 364.
Package textcomp Info: Setting put sub-encoding to TS1/5 on input line 365.
Package textcomp Info: Setting uag sub-encoding to TS1/5 on input line 366.
Package textcomp Info: Setting ugq sub-encoding to TS1/5 on input line 367.
Package textcomp Info: Setting ul8 sub-encoding to TS1/4 on input line 368.
Package textcomp Info: Setting ul9 sub-encoding to TS1/4 on input line 369.
Package textcomp Info: Setting augie sub-encoding to TS1/5 on input line 370.
Package textcomp Info: Setting dayrom sub-encoding to TS1/3 on input line 371.
Package textcomp Info: Setting dayroms sub-encoding to TS1/3 on input line 372.

Package textcomp Info: Setting pxr sub-encoding to TS1/0 on input line 373.
Package textcomp Info: Setting pxss sub-encoding to TS1/0 on input line 374.
Package textcomp Info: Setting pxtt sub-encoding to TS1/0 on input line 375.
Package textcomp Info: Setting txr sub-encoding to TS1/0 on input line 376.
Package textcomp Info: Setting txss sub-encoding to TS1/0 on input line 377.
Package textcomp Info: Setting txtt sub-encoding to TS1/0 on input line 378.
Package textcomp Info: Setting lmr sub-encoding to TS1/0 on input line 379.
Package textcomp Info: Setting lmdh sub-encoding to TS1/0 on input line 380.
Package textcomp Info: Setting lmss sub-encoding to TS1/0 on input line 381.
Package textcomp Info: Setting lmssq sub-encoding to TS1/0 on input line 382.
Package textcomp Info: Setting lmvtt sub-encoding to TS1/0 on input line 383.
Package textcomp Info: Setting lmtt sub-encoding to TS1/0 on input line 384.
Package textcomp Info: Setting qhv sub-encoding to TS1/0 on input line 385.
Package textcomp Info: Setting qag sub-encoding to TS1/0 on input line 386.
Package textcomp Info: Setting qbk sub-encoding to TS1/0 on input line 387.
Package textcomp Info: Setting qcr sub-encoding to TS1/0 on input line 388.
Package textcomp Info: Setting qcs sub-encoding to TS1/0 on input line 389.
Package textcomp Info: Setting qpl sub-encoding to TS1/0 on input line 390.
Package textcomp Info: Setting qtm sub-encoding to TS1/0 on input line 391.
Package textcomp Info: Setting qzc sub-encoding to TS1/0 on input line 392.
Package textcomp Info: Setting qhvc sub-encoding to TS1/0 on input line 393.
Package textcomp Info: Setting futs sub-encoding to TS1/4 on input line 394.
Package textcomp Info: Setting futx sub-encoding to TS1/4 on input line 395.
Package textcomp Info: Setting futj sub-encoding to TS1/4 on input line 396.
Package textcomp Info: Setting hlh sub-encoding to TS1/3 on input line 397.
Package textcomp Info: Setting hls sub-encoding to TS1/3 on input line 398.
Package textcomp Info: Setting hlst sub-encoding to TS1/3 on input line 399.
Package textcomp Info: Setting hlct sub-encoding to TS1/5 on input line 400.
Package textcomp Info: Setting hlx sub-encoding to TS1/5 on input line 401.
Package textcomp Info: Setting hlce sub-encoding to TS1/5 on input line 402.
Package textcomp Info: Setting hlcn sub-encoding to TS1/5 on input line 403.
Package textcomp Info: Setting hlcw sub-encoding to TS1/5 on input line 404.
Package textcomp Info: Setting hlcf sub-encoding to TS1/5 on input line 405.
Package textcomp Info: Setting pplx sub-encoding to TS1/3 on input line 406.
Package textcomp Info: Setting pplj sub-encoding to TS1/3 on input line 407.
Package textcomp Info: Setting ptmx sub-encoding to TS1/4 on input line 408.
Package textcomp Info: Setting ptmj sub-encoding to TS1/4 on input line 409.
))
(d:/Application/texlive/2019/texmf-dist/tex/latex/lineno/lineno.sty
Package: lineno 2005/11/02 line numbers on paragraphs v4.41
Invalid UTF-8 byte or sequence at line 296 replaced by U+FFFD.
\linenopenalty=\count282
\output=\toks26
\linenoprevgraf=\count283
\linenumbersep=\dimen176
\linenumberwidth=\dimen177
\c@linenumber=\count284
\c@pagewiselinenumber=\count285
\c@LN@truepage=\count286
\c@internallinenumber=\count287
\c@internallinenumbers=\count288
\quotelinenumbersep=\dimen178
\bframerule=\dimen179
\bframesep=\dimen180
\bframebox=\box49
LaTeX Info: Redefining \\ on input line 3056.
)
\c@FV@TrueTabGroupLevel=\count289
\c@FV@TrueTabCounter=\count290
\FV@TabBox@Group=\box50
\FV@TmpLength=\skip62
\c@FV@HighlightLinesStart=\count291
\c@FV@HighlightLinesStop=\count292
\FV@LoopCount=\count293
\FV@NCharsBox=\box51
\FV@BreakIndent=\dimen181
\FV@BreakIndentNChars=\count294
\FV@BreakSymbolSepLeft=\dimen182
\FV@BreakSymbolSepLeftNChars=\count295
\FV@BreakSymbolSepRight=\dimen183
\FV@BreakSymbolSepRightNChars=\count296
\FV@BreakSymbolIndentLeft=\dimen184
\FV@BreakSymbolIndentLeftNChars=\count297
\FV@BreakSymbolIndentRight=\dimen185
\FV@BreakSymbolIndentRightNChars=\count298
\c@FancyVerbLineBreakLast=\count299
\FV@LineBox=\box52
\FV@LineIndentBox=\box53
\FV@LineWidth=\dimen186
)
(d:/Application/texlive/2019/texmf-dist/tex/latex/tools/calc.sty
Package: calc 2017/05/25 v4.3 Infix arithmetic (KKT,FJ)
\calc@Acount=\count300
\calc@Bcount=\count301
\calc@Adimen=\dimen187
\calc@Bdimen=\dimen188
\calc@Askip=\skip63
\calc@Bskip=\skip64
LaTeX Info: Redefining \setlength on input line 80.
LaTeX Info: Redefining \addtolength on input line 81.
\calc@Ccount=\count302
\calc@Cskip=\skip65
)
(d:/Application/texlive/2019/texmf-dist/tex/latex/tools/shellesc.sty
Package: shellesc 2016/06/07 v0.02a unified shell escape interface for LaTeX
Package shellesc Info: Unrestricted shell escape enabled on input line 67.
)
(d:/Application/texlive/2019/texmf-dist/tex/latex/ifplatform/ifplatform.sty
Package: ifplatform 2017/10/13 v0.4a Testing for the operating system

(d:/Application/texlive/2019/texmf-dist/tex/generic/oberdiek/pdftexcmds.sty
Package: pdftexcmds 2018/09/10 v0.29 Utility functions of pdfTeX for LuaTeX (HO
)

(d:/Application/texlive/2019/texmf-dist/tex/generic/oberdiek/ifpdf.sty
Package: ifpdf 2018/09/07 v3.3 Provides the ifpdf switch
)
Package pdftexcmds Info: LuaTeX not detected.
Package pdftexcmds Info: pdfTeX >= 1.30 not detected.
Package pdftexcmds Info: \pdf@primitive is available.
Package pdftexcmds Info: \pdf@ifprimitive is available.
Package pdftexcmds Info: \pdfdraftmode not found.
)
(d:/Application/texlive/2019/texmf-dist/tex/generic/oberdiek/catchfile.sty
Package: catchfile 2016/05/16 v1.7 Catch the contents of a file (HO)
))
(d:/Application/texlive/2019/texmf-dist/tex/generic/xstring/xstring.sty
(d:/Application/texlive/2019/texmf-dist/tex/generic/xstring/xstring.tex
\integerpart=\count303
Invalid UTF-8 byte or sequence at line 35 replaced by U+FFFD.
\decimalpart=\count304
Invalid UTF-8 byte or sequence at line 79 replaced by U+FFFD.
Invalid UTF-8 byte or sequence at line 79 replaced by U+FFFD.
Invalid UTF-8 byte or sequence at line 83 replaced by U+FFFD.
Invalid UTF-8 byte or sequence at line 86 replaced by U+FFFD.
Invalid UTF-8 byte or sequence at line 102 replaced by U+FFFD.
Invalid UTF-8 byte or sequence at line 114 replaced by U+FFFD.
Invalid UTF-8 byte or sequence at line 120 replaced by U+FFFD.
Invalid UTF-8 byte or sequence at line 125 replaced by U+FFFD.
Invalid UTF-8 byte or sequence at line 147 replaced by U+FFFD.
Invalid UTF-8 byte or sequence at line 147 replaced by U+FFFD.
Invalid UTF-8 byte or sequence at line 147 replaced by U+FFFD.
Invalid UTF-8 byte or sequence at line 182 replaced by U+FFFD.
Invalid UTF-8 byte or sequence at line 182 replaced by U+FFFD.
Invalid UTF-8 byte or sequence at line 182 replaced by U+FFFD.
Invalid UTF-8 byte or sequence at line 183 replaced by U+FFFD.
Invalid UTF-8 byte or sequence at line 184 replaced by U+FFFD.
Invalid UTF-8 byte or sequence at line 185 replaced by U+FFFD.
Invalid UTF-8 byte or sequence at line 185 replaced by U+FFFD.
Invalid UTF-8 byte or sequence at line 185 replaced by U+FFFD.
Invalid UTF-8 byte or sequence at line 189 replaced by U+FFFD.
Invalid UTF-8 byte or sequence at line 189 replaced by U+FFFD.
Invalid UTF-8 byte or sequence at line 190 replaced by U+FFFD.
Invalid UTF-8 byte or sequence at line 190 replaced by U+FFFD.
Invalid UTF-8 byte or sequence at line 193 replaced by U+FFFD.
Invalid UTF-8 byte or sequence at line 208 replaced by U+FFFD.
Invalid UTF-8 byte or sequence at line 208 replaced by U+FFFD.
Invalid UTF-8 byte or sequence at line 208 replaced by U+FFFD.
Invalid UTF-8 byte or sequence at line 208 replaced by U+FFFD.
Invalid UTF-8 byte or sequence at line 208 replaced by U+FFFD.
Invalid UTF-8 byte or sequence at line 208 replaced by U+FFFD.
Invalid UTF-8 byte or sequence at line 221 replaced by U+FFFD.
Invalid UTF-8 byte or sequence at line 221 replaced by U+FFFD.
Invalid UTF-8 byte or sequence at line 241 replaced by U+FFFD.
Invalid UTF-8 byte or sequence at line 241 replaced by U+FFFD.
Invalid UTF-8 byte or sequence at line 241 replaced by U+FFFD.
Invalid UTF-8 byte or sequence at line 241 replaced by U+FFFD.
Invalid UTF-8 byte or sequence at line 266 replaced by U+FFFD.
Invalid UTF-8 byte or sequence at line 284 replaced by U+FFFD.
Invalid UTF-8 byte or sequence at line 295 replaced by U+FFFD.
Invalid UTF-8 byte or sequence at line 300 replaced by U+FFFD.
Invalid UTF-8 byte or sequence at line 300 replaced by U+FFFD.
Invalid UTF-8 byte or sequence at line 301 replaced by U+FFFD.
Invalid UTF-8 byte or sequence at line 301 replaced by U+FFFD.
Invalid UTF-8 byte or sequence at line 301 replaced by U+FFFD.
Invalid UTF-8 byte or sequence at line 302 replaced by U+FFFD.
Invalid UTF-8 byte or sequence at line 303 replaced by U+FFFD.
Invalid UTF-8 byte or sequence at line 332 replaced by U+FFFD.
Invalid UTF-8 byte or sequence at line 332 replaced by U+FFFD.
Invalid UTF-8 byte or sequence at line 332 replaced by U+FFFD.
Invalid UTF-8 byte or sequence at line 332 replaced by U+FFFD.
Invalid UTF-8 byte or sequence at line 333 replaced by U+FFFD.
Invalid UTF-8 byte or sequence at line 334 replaced by U+FFFD.
Invalid UTF-8 byte or sequence at line 334 replaced by U+FFFD.
Invalid UTF-8 byte or sequence at line 334 replaced by U+FFFD.
Invalid UTF-8 byte or sequence at line 406 replaced by U+FFFD.
Invalid UTF-8 byte or sequence at line 406 replaced by U+FFFD.
Invalid UTF-8 byte or sequence at line 409 replaced by U+FFFD.
Invalid UTF-8 byte or sequence at line 410 replaced by U+FFFD.
Invalid UTF-8 byte or sequence at line 428 replaced by U+FFFD.
Invalid UTF-8 byte or sequence at line 434 replaced by U+FFFD.
Invalid UTF-8 byte or sequence at line 457 replaced by U+FFFD.
Invalid UTF-8 byte or sequence at line 457 replaced by U+FFFD.
Invalid UTF-8 byte or sequence at line 464 replaced by U+FFFD.
Invalid UTF-8 byte or sequence at line 464 replaced by U+FFFD.
Invalid UTF-8 byte or sequence at line 466 replaced by U+FFFD.
Invalid UTF-8 byte or sequence at line 466 replaced by U+FFFD.
Invalid UTF-8 byte or sequence at line 541 replaced by U+FFFD.
Invalid UTF-8 byte or sequence at line 541 replaced by U+FFFD.
Invalid UTF-8 byte or sequence at line 541 replaced by U+FFFD.
Invalid UTF-8 byte or sequence at line 586 replaced by U+FFFD.
Invalid UTF-8 byte or sequence at line 586 replaced by U+FFFD.
Invalid UTF-8 byte or sequence at line 588 replaced by U+FFFD.
Invalid UTF-8 byte or sequence at line 588 replaced by U+FFFD.
Invalid UTF-8 byte or sequence at line 595 replaced by U+FFFD.
Invalid UTF-8 byte or sequence at line 597 replaced by U+FFFD.
Invalid UTF-8 byte or sequence at line 599 replaced by U+FFFD.
Invalid UTF-8 byte or sequence at line 602 replaced by U+FFFD.
Invalid UTF-8 byte or sequence at line 605 replaced by U+FFFD.
Invalid UTF-8 byte or sequence at line 605 replaced by U+FFFD.
Invalid UTF-8 byte or sequence at line 610 replaced by U+FFFD.
Invalid UTF-8 byte or sequence at line 615 replaced by U+FFFD.
Invalid UTF-8 byte or sequence at line 632 replaced by U+FFFD.
Invalid UTF-8 byte or sequence at line 632 replaced by U+FFFD.
Invalid UTF-8 byte or sequence at line 633 replaced by U+FFFD.
Invalid UTF-8 byte or sequence at line 635 replaced by U+FFFD.
Invalid UTF-8 byte or sequence at line 637 replaced by U+FFFD.
Invalid UTF-8 byte or sequence at line 647 replaced by U+FFFD.
Invalid UTF-8 byte or sequence at line 653 replaced by U+FFFD.
Invalid UTF-8 byte or sequence at line 678 replaced by U+FFFD.
Invalid UTF-8 byte or sequence at line 700 replaced by U+FFFD.
Invalid UTF-8 byte or sequence at line 705 replaced by U+FFFD.
Invalid UTF-8 byte or sequence at line 715 replaced by U+FFFD.
Invalid UTF-8 byte or sequence at line 715 replaced by U+FFFD.
Invalid UTF-8 byte or sequence at line 715 replaced by U+FFFD.
Invalid UTF-8 byte or sequence at line 719 replaced by U+FFFD.
Invalid UTF-8 byte or sequence at line 732 replaced by U+FFFD.
Invalid UTF-8 byte or sequence at line 732 replaced by U+FFFD.
Invalid UTF-8 byte or sequence at line 741 replaced by U+FFFD.
Invalid UTF-8 byte or sequence at line 741 replaced by U+FFFD.
Invalid UTF-8 byte or sequence at line 742 replaced by U+FFFD.
Invalid UTF-8 byte or sequence at line 742 replaced by U+FFFD.
Invalid UTF-8 byte or sequence at line 762 replaced by U+FFFD.
Invalid UTF-8 byte or sequence at line 773 replaced by U+FFFD.
Invalid UTF-8 byte or sequence at line 773 replaced by U+FFFD.
Invalid UTF-8 byte or sequence at line 774 replaced by U+FFFD.
Invalid UTF-8 byte or sequence at line 774 replaced by U+FFFD.
Invalid UTF-8 byte or sequence at line 774 replaced by U+FFFD.
Invalid UTF-8 byte or sequence at line 797 replaced by U+FFFD.
Invalid UTF-8 byte or sequence at line 797 replaced by U+FFFD.
Invalid UTF-8 byte or sequence at line 810 replaced by U+FFFD.
Invalid UTF-8 byte or sequence at line 824 replaced by U+FFFD.
Invalid UTF-8 byte or sequence at line 824 replaced by U+FFFD.
Invalid UTF-8 byte or sequence at line 831 replaced by U+FFFD.
Invalid UTF-8 byte or sequence at line 838 replaced by U+FFFD.
Invalid UTF-8 byte or sequence at line 838 replaced by U+FFFD.
Invalid UTF-8 byte or sequence at line 846 replaced by U+FFFD.
Invalid UTF-8 byte or sequence at line 846 replaced by U+FFFD.
Invalid UTF-8 byte or sequence at line 861 replaced by U+FFFD.
Invalid UTF-8 byte or sequence at line 862 replaced by U+FFFD.
Invalid UTF-8 byte or sequence at line 864 replaced by U+FFFD.
Invalid UTF-8 byte or sequence at line 864 replaced by U+FFFD.
Invalid UTF-8 byte or sequence at line 908 replaced by U+FFFD.
Invalid UTF-8 byte or sequence at line 909 replaced by U+FFFD.
Invalid UTF-8 byte or sequence at line 909 replaced by U+FFFD.
Invalid UTF-8 byte or sequence at line 934 replaced by U+FFFD.
Invalid UTF-8 byte or sequence at line 934 replaced by U+FFFD.
Invalid UTF-8 byte or sequence at line 936 replaced by U+FFFD.
Invalid UTF-8 byte or sequence at line 936 replaced by U+FFFD.
Invalid UTF-8 byte or sequence at line 940 replaced by U+FFFD.
Invalid UTF-8 byte or sequence at line 940 replaced by U+FFFD.
Invalid UTF-8 byte or sequence at line 962 replaced by U+FFFD.
Invalid UTF-8 byte or sequence at line 962 replaced by U+FFFD.
Invalid UTF-8 byte or sequence at line 964 replaced by U+FFFD.
Invalid UTF-8 byte or sequence at line 965 replaced by U+FFFD.
Invalid UTF-8 byte or sequence at line 1006 replaced by U+FFFD.
)
Package: xstring 2019/02/06 v1.83 String manipulations (CT)
)
(d:/Application/texlive/2019/texmf-dist/tex/latex/framed/framed.sty
Package: framed 2011/10/22 v 0.96: framed or shaded text with page breaks
\OuterFrameSep=\skip66
\fb@frw=\dimen189
\fb@frh=\dimen190
\FrameRule=\dimen191
\FrameSep=\dimen192
)
(d:/Application/texlive/2019/texmf-dist/tex/latex/float/float.sty
Package: float 2001/11/08 v1.3d Float enhancements (AL)
\c@float@type=\count305
\float@exts=\toks27
\float@box=\box54
\@float@everytoks=\toks28
\@floatcapt=\box55
)
\minted@appexistsfile=\read3
\minted@bgbox=\box56
\minted@code=\write4
\c@minted@FancyVerbLineTemp=\count306
\c@minted@pygmentizecounter=\count307
\@float@every@listing=\toks29
\c@listing=\count308
)
(d:/Application/texlive/2019/texmf-dist/tex/latex/geometry/geometry.sty
Package: geometry 2018/04/16 v5.8 Page Geometry

(d:/Application/texlive/2019/texmf-dist/tex/generic/oberdiek/ifvtex.sty
Package: ifvtex 2016/05/16 v1.6 Detect VTeX and its facilities (HO)
Package ifvtex Info: VTeX not detected.
)
(d:/Application/texlive/2019/texmf-dist/tex/generic/ifxetex/ifxetex.sty
Package: ifxetex 2010/09/12 v0.6 Provides ifxetex conditional
)
\Gm@cnth=\count309
\Gm@cntv=\count310
\c@Gm@tempcnt=\count311
\Gm@bindingoffset=\dimen193
\Gm@wd@mp=\dimen194
\Gm@odd@mp=\dimen195
\Gm@even@mp=\dimen196
\Gm@layoutwidth=\dimen197
\Gm@layoutheight=\dimen198
\Gm@layouthoffset=\dimen199
\Gm@layoutvoffset=\dimen256
\Gm@dimlist=\toks30
)
(d:/Application/texlive/2019/texmf-dist/tex/latex/graphics/graphicx.sty
Package: graphicx 2017/06/01 v1.1a Enhanced LaTeX Graphics (DPC,SPQR)

(d:/Application/texlive/2019/texmf-dist/tex/latex/graphics/graphics.sty
Package: graphics 2017/06/25 v1.2c Standard LaTeX Graphics (DPC,SPQR)

(d:/Application/texlive/2019/texmf-dist/tex/latex/graphics/trig.sty
Package: trig 2016/01/03 v1.10 sin cos tan (DPC)
)
(d:/Application/texlive/2019/texmf-dist/tex/latex/graphics-cfg/graphics.cfg
File: graphics.cfg 2016/06/04 v1.11 sample graphics configuration
)
Package graphics Info: Driver file: xetex.def on input line 99.

(d:/Application/texlive/2019/texmf-dist/tex/latex/graphics-def/xetex.def
File: xetex.def 2017/06/24 v5.0h Graphics/color driver for xetex
))
\Gin@req@height=\dimen257
\Gin@req@width=\dimen258
)
\c@theorem=\count312
\c@defination=\count313
\c@corollary=\count314
)
(d:/Application/texlive/2019/texmf-dist/tex/latex/xcolor/xcolor.sty
Package: xcolor 2016/05/11 v2.12 LaTeX color extensions (UK)

(d:/Application/texlive/2019/texmf-dist/tex/latex/graphics-cfg/color.cfg
File: color.cfg 2016/01/02 v1.6 sample color configuration
)
Package xcolor Info: Driver file: xetex.def on input line 225.
Package xcolor Info: Model `cmy' substituted by `cmy0' on input line 1348.
Package xcolor Info: Model `RGB' extended on input line 1364.
Package xcolor Info: Model `HTML' substituted by `rgb' on input line 1366.
Package xcolor Info: Model `Hsb' substituted by `hsb' on input line 1367.
Package xcolor Info: Model `tHsb' substituted by `hsb' on input line 1368.
Package xcolor Info: Model `HSB' substituted by `hsb' on input line 1369.
Package xcolor Info: Model `Gray' substituted by `gray' on input line 1370.
Package xcolor Info: Model `wave' substituted by `hsb' on input line 1371.
)
runsystem(for ^%i in (pygmentize.exe pygmentize.bat pygmentize.cmd) do set > Ch
eatSheet.aex <nul: /p x=^%~$PATH:i>> CheatSheet.aex)...executed.

runsystem(del CheatSheet.aex)...executed.


(./CheatSheet.aux)
\openout1 = `CheatSheet.aux'.

LaTeX Font Info:    Checking defaults for OML/cmm/m/it on input line 4.
LaTeX Font Info:    ... okay on input line 4.
LaTeX Font Info:    Checking defaults for T1/cmr/m/n on input line 4.
LaTeX Font Info:    ... okay on input line 4.
LaTeX Font Info:    Checking defaults for OT1/cmr/m/n on input line 4.
LaTeX Font Info:    ... okay on input line 4.
LaTeX Font Info:    Checking defaults for OMS/cmsy/m/n on input line 4.
LaTeX Font Info:    ... okay on input line 4.
LaTeX Font Info:    Checking defaults for TU/lmr/m/n on input line 4.
LaTeX Font Info:    ... okay on input line 4.
LaTeX Font Info:    Checking defaults for OMX/cmex/m/n on input line 4.
LaTeX Font Info:    ... okay on input line 4.
LaTeX Font Info:    Checking defaults for U/cmr/m/n on input line 4.
LaTeX Font Info:    ... okay on input line 4.
LaTeX Font Info:    Checking defaults for TS1/cmr/m/n on input line 4.
LaTeX Font Info:    Try loading font information for TS1+cmr on input line 4.

(d:/Application/texlive/2019/texmf-dist/tex/latex/base/ts1cmr.fd
File: ts1cmr.fd 2014/09/29 v2.5h Standard LaTeX font definitions
)
LaTeX Font Info:    ... okay on input line 4.

Package fontspec Info: Adjusting the maths setup (use [no-math] to avoid
(fontspec)             this).

\symlegacymaths=\mathgroup4
LaTeX Font Info:    Overwriting symbol font `legacymaths' in version `bold'
(Font)                  OT1/cmr/m/n --> OT1/cmr/bx/n on input line 4.
LaTeX Font Info:    Redeclaring math accent \acute on input line 4.
LaTeX Font Info:    Redeclaring math accent \grave on input line 4.
LaTeX Font Info:    Redeclaring math accent \ddot on input line 4.
LaTeX Font Info:    Redeclaring math accent \tilde on input line 4.
LaTeX Font Info:    Redeclaring math accent \bar on input line 4.
LaTeX Font Info:    Redeclaring math accent \breve on input line 4.
LaTeX Font Info:    Redeclaring math accent \check on input line 4.
LaTeX Font Info:    Redeclaring math accent \hat on input line 4.
LaTeX Font Info:    Redeclaring math accent \dot on input line 4.
LaTeX Font Info:    Redeclaring math accent \mathring on input line 4.
LaTeX Font Info:    Redeclaring math symbol \Gamma on input line 4.
LaTeX Font Info:    Redeclaring math symbol \Delta on input line 4.
LaTeX Font Info:    Redeclaring math symbol \Theta on input line 4.
LaTeX Font Info:    Redeclaring math symbol \Lambda on input line 4.
LaTeX Font Info:    Redeclaring math symbol \Xi on input line 4.
LaTeX Font Info:    Redeclaring math symbol \Pi on input line 4.
LaTeX Font Info:    Redeclaring math symbol \Sigma on input line 4.
LaTeX Font Info:    Redeclaring math symbol \Upsilon on input line 4.
LaTeX Font Info:    Redeclaring math symbol \Phi on input line 4.
LaTeX Font Info:    Redeclaring math symbol \Psi on input line 4.
LaTeX Font Info:    Redeclaring math symbol \Omega on input line 4.
LaTeX Font Info:    Redeclaring math symbol \mathdollar on input line 4.
LaTeX Font Info:    Redeclaring symbol font `operators' on input line 4.
LaTeX Font Info:    Encoding `OT1' has changed to `TU' for symbol font
(Font)              `operators' in the math version `normal' on input line 4.
LaTeX Font Info:    Overwriting symbol font `operators' in version `normal'
(Font)                  OT1/cmr/m/n --> TU/lmr/m/n on input line 4.
LaTeX Font Info:    Encoding `OT1' has changed to `TU' for symbol font
(Font)              `operators' in the math version `bold' on input line 4.
LaTeX Font Info:    Overwriting symbol font `operators' in version `bold'
(Font)                  OT1/cmr/bx/n --> TU/lmr/m/n on input line 4.
LaTeX Font Info:    Overwriting symbol font `operators' in version `normal'
(Font)                  TU/lmr/m/n --> TU/lmr/m/n on input line 4.
LaTeX Font Info:    Overwriting math alphabet `\mathit' in version `normal'
(Font)                  OT1/cmr/m/it --> TU/lmr/m/it on input line 4.
LaTeX Font Info:    Overwriting math alphabet `\mathbf' in version `normal'
(Font)                  OT1/cmr/bx/n --> TU/lmr/bx/n on input line 4.
LaTeX Font Info:    Overwriting math alphabet `\mathsf' in version `normal'
(Font)                  OT1/cmss/m/n --> TU/lmss/m/n on input line 4.
LaTeX Font Info:    Overwriting math alphabet `\mathtt' in version `normal'
(Font)                  OT1/cmtt/m/n --> TU/lmtt/m/n on input line 4.
LaTeX Font Info:    Overwriting symbol font `operators' in version `bold'
(Font)                  TU/lmr/m/n --> TU/lmr/bx/n on input line 4.
LaTeX Font Info:    Overwriting math alphabet `\mathit' in version `bold'
(Font)                  OT1/cmr/bx/it --> TU/lmr/bx/it on input line 4.
LaTeX Font Info:    Overwriting math alphabet `\mathsf' in version `bold'
(Font)                  OT1/cmss/bx/n --> TU/lmss/bx/n on input line 4.
LaTeX Font Info:    Overwriting math alphabet `\mathtt' in version `bold'
(Font)                  OT1/cmtt/m/n --> TU/lmtt/bx/n on input line 4.

*geometry* driver: auto-detecting
*geometry* detected driver: xetex
*geometry* verbose mode - [ preamble ] result:
* driver: xetex
* paper: a4paper
* layout: <same size as paper>
* layoutoffset:(h,v)=(0.0pt,0.0pt)
* modes: 
* h-part:(L,W,R)=(79.49744pt, 434.90039pt, 83.11005pt)
* v-part:(T,H,B)=(72.26999pt, 700.50687pt, 72.26999pt)
* \paperwidth=597.50787pt
* \paperheight=845.04684pt
* \textwidth=434.90039pt
* \textheight=700.50687pt
* \oddsidemargin=7.22745pt
* \evensidemargin=7.22745pt
* \topmargin=-37.0pt
* \headheight=12.0pt
* \headsep=25.0pt
* \topskip=12.0pt
* \footskip=30.0pt
* \marginparwidth=35.0pt
* \marginparsep=10.0pt
* \columnsep=10.0pt
* \skip\footins=10.8pt plus 4.0pt minus 2.0pt
* \hoffset=0.0pt
* \voffset=0.0pt
* \mag=1000
* \@twocolumnfalse
* \@twosidefalse
* \@mparswitchfalse
* \@reversemarginfalse
* (1in=72.27pt=25.4mm, 1cm=28.453pt)

[1

] (./CheatSheet.toc [2

] [3] [4])
\tf@toc=\write5
\openout5 = `CheatSheet.toc'.

 [5] (./content.tex
runsystem(pygmentize -S default -f latex -P commandprefix=PYG > CheatSheet.out.
pyg)...executed.

 (./CheatSheet.out.pyg)
runsystem(pygmentize -S default -f latex -P commandprefix=PYGdefault > CheatShe
et.out.pyg)...executed.


(./CheatSheet.out.pyg)
runsystem(pygmentize -l cpp -f latex -P commandprefix=PYG -F tokenmerge -P math
escape=True -o CheatSheet.out.pyg ./src/skill/vim_setup.cpp)...executed.

 (./CheatSheet.out.pyg

Package fontspec Info: Could not resolve font "STKaiti/BI" (it probably
(fontspec)             doesn't exist).


Package fontspec Info: Could not resolve font "STKaiti/B" (it probably doesn't
(fontspec)             exist).


Package fontspec Info: Could not resolve font "STKaiti/I" (it probably doesn't
(fontspec)             exist).


Package fontspec Info: Font family 'STKaiti(0)' created for font 'STKaiti'
(fontspec)             with options [Script={CJK}].
(fontspec)              
(fontspec)              This font family consists of the following NFSS
(fontspec)             series/shapes:
(fontspec)              
(fontspec)             - 'normal' (m/n) with NFSS spec.:
(fontspec)             <->"STKaiti/OT:script=hani;language=DFLT;"
(fontspec)             - 'small caps'  (m/sc) with NFSS spec.: 

)
runsystem(pygmentize -l cpp -f latex -P commandprefix=PYG -F tokenmerge -P math
escape=True -o CheatSheet.out.pyg ./src/skill/run_bash.cpp)...executed.

 (./CheatSheet.out.pyg)
runsystem(pygmentize -l cpp -f latex -P commandprefix=PYG -F tokenmerge -P math
escape=True -o CheatSheet.out.pyg ./src/skill/fast_io/c++_bin_read.cpp)...execu
ted.


(./CheatSheet.out.pyg
LaTeX Font Info:    Font shape `TU/lmtt/bx/n' in size <12> not available
(Font)              Font shape `TU/lmtt/b/n' tried instead on input line 2.
)
runsystem(pygmentize -l cpp -f latex -P commandprefix=PYG -F tokenmerge -P math
escape=True -o CheatSheet.out.pyg ./src/skill/fast_io/c++_char_read.cpp)...exec
uted.

 (./CheatSheet.out.pyg [1

])
runsystem(pygmentize -l cpp -f latex -P commandprefix=PYG -F tokenmerge -P math
escape=True -o CheatSheet.out.pyg ./src/skill/fast_io/c++_write.cpp)...executed
.

 (./CheatSheet.out.pyg)
runsystem(pygmentize -l java -f latex -P commandprefix=PYG -F tokenmerge -P mat
hescape=True -o CheatSheet.out.pyg ./src/skill/fast_io/java_io.java)...executed
.


(./CheatSheet.out.pyg [2])
runsystem(pygmentize -l cpp -f latex -P commandprefix=PYG -F tokenmerge -P math
escape=True -o CheatSheet.out.pyg ./src/string/sam.cpp)...executed.

 (./CheatSheet.out.pyg [3])
runsystem(pygmentize -l cpp -f latex -P commandprefix=PYG -F tokenmerge -P math
escape=True -o CheatSheet.out.pyg ./src/string/sa/lcs.cpp)...executed.

 (./CheatSheet.out.pyg
[4] [5])
runsystem(pygmentize -l cpp -f latex -P commandprefix=PYG -F tokenmerge -P math
escape=True -o CheatSheet.out.pyg ./src/string/acmaton.cpp)...executed.

 (./CheatSheet.out.pyg [6] [7])
runsystem(pygmentize -l cpp -f latex -P commandprefix=PYG -F tokenmerge -P math
escape=True -o CheatSheet.out.pyg ./src/string/z_alg.cpp)...executed.

 (./CheatSheet.out.pyg)
runsystem(pygmentize -l cpp -f latex -P commandprefix=PYG -F tokenmerge -P math
escape=True -o CheatSheet.out.pyg ./src/string/kmp.cpp)...executed.


(./CheatSheet.out.pyg [8]

LaTeX Font Warning: Font shape `TU/STKaiti(0)/m/it' undefined
(Font)              using `TU/STKaiti(0)/m/n' instead on input line 12.

)
runsystem(pygmentize -l cpp -f latex -P commandprefix=PYG -F tokenmerge -P math
escape=True -o CheatSheet.out.pyg ./src/string/trie.cpp)...executed.

 (./CheatSheet.out.pyg [9])
runsystem(pygmentize -l cpp -f latex -P commandprefix=PYG -F tokenmerge -P math
escape=True -o CheatSheet.out.pyg ./src/string/manacher.cpp)...executed.

 (./CheatSheet.out.pyg [10])
runsystem(pygmentize -l cpp -f latex -P commandprefix=PYG -F tokenmerge -P math
escape=True -o CheatSheet.out.pyg ./src/string/pali_tree.cpp)...executed.

 (./CheatSheet.out.pyg
[11])
runsystem(pygmentize -l cpp -f latex -P commandprefix=PYG -F tokenmerge -P math
escape=True -o CheatSheet.out.pyg ./src/string/expression/suff_exp.cpp)...execu
ted.

 (./CheatSheet.out.pyg [12])
runsystem(pygmentize -l cpp -f latex -P commandprefix=PYG -F tokenmerge -P math
escape=True -o CheatSheet.out.pyg ./src/string/expression/simplify_exp.cpp)...e
xecuted.

 (./CheatSheet.out.pyg [13] [14])
runsystem(pygmentize -l cpp -f latex -P commandprefix=PYG -F tokenmerge -P math
escape=True -o CheatSheet.out.pyg ./src/math/quickpow/qp.cpp)...executed.


(./CheatSheet.out.pyg)
runsystem(pygmentize -l cpp -f latex -P commandprefix=PYG -F tokenmerge -P math
escape=True -o CheatSheet.out.pyg ./src/math/quickpow/matrix_qp.cpp)...executed
.

 (./CheatSheet.out.pyg [15])
runsystem(pygmentize -l cpp -f latex -P commandprefix=PYG -F tokenmerge -P math
escape=True -o CheatSheet.out.pyg ./src/math/linear_sieve/calc_phi.cpp)...execu
ted.

 (./CheatSheet.out.pyg
[16])
runsystem(pygmentize -l cpp -f latex -P commandprefix=PYG -F tokenmerge -P math
escape=True -o CheatSheet.out.pyg ./src/math/linear_sieve/calc_fun.cpp)...execu
ted.

 (./CheatSheet.out.pyg [17])
runsystem(pygmentize -l cpp -f latex -P commandprefix=PYG -F tokenmerge -P math
escape=True -o CheatSheet.out.pyg ./src/math/linear_sieve/calc_mu.cpp)...execut
ed.

 (./CheatSheet.out.pyg [18])
runsystem(pygmentize -l cpp -f latex -P commandprefix=PYG -F tokenmerge -P math
escape=True -o CheatSheet.out.pyg ./src/math/chinese_remainder/common.cpp)...ex
ecuted.


(./CheatSheet.out.pyg [19])
runsystem(pygmentize -l cpp -f latex -P commandprefix=PYG -F tokenmerge -P math
escape=True -o CheatSheet.out.pyg ./src/math/chinese_remainder/special.cpp)...e
xecuted.

 (./CheatSheet.out.pyg)
runsystem(pygmentize -l cpp -f latex -P commandprefix=PYG -F tokenmerge -P math
escape=True -o CheatSheet.out.pyg ./src/math/gauss/solve.cpp)...executed.

 (./CheatSheet.out.pyg
[20])
runsystem(pygmentize -l cpp -f latex -P commandprefix=PYG -F tokenmerge -P math
escape=True -o CheatSheet.out.pyg ./src/math/gauss/mod_with_not_prime.cpp)...ex
ecuted.

 (./CheatSheet.out.pyg [21])
runsystem(pygmentize -l cpp -f latex -P commandprefix=PYG -F tokenmerge -P math
escape=True -o CheatSheet.out.pyg ./src/math/newton/solve_poly_root.cpp)...exec
uted.

 (./CheatSheet.out.pyg)
runsystem(pygmentize -l java -f latex -P commandprefix=PYG -F tokenmerge -P mat
hescape=True -o CheatSheet.out.pyg ./src/math/newton/int_sqrt.java)...executed.

 (./CheatSheet.out.pyg
[22])
runsystem(pygmentize -l cpp -f latex -P commandprefix=PYG -F tokenmerge -P math
escape=True -o CheatSheet.out.pyg ./src/math/lagrange/lagrange.cpp)...executed.

 (./CheatSheet.out.pyg [23])
runsystem(pygmentize -l cpp -f latex -P commandprefix=PYG -F tokenmerge -P math
escape=True -o CheatSheet.out.pyg ./src/math/lagrange/calc_ik.cpp)...executed.

 (./CheatSheet.out.pyg [24] [25])
runsystem(pygmentize -l cpp -f latex -P commandprefix=PYG -F tokenmerge -P math
escape=True -o CheatSheet.out.pyg ./src/math/linear_base/xorsum_k.cpp)...execut
ed.


(./CheatSheet.out.pyg [26])
runsystem(pygmentize -l cpp -f latex -P commandprefix=PYG -F tokenmerge -P math
escape=True -o CheatSheet.out.pyg ./src/math/euler_dec_pow/calc.cpp)...executed
.

 (./CheatSheet.out.pyg [27])
runsystem(pygmentize -l cpp -f latex -P commandprefix=PYG -F tokenmerge -P math
escape=True -o CheatSheet.out.pyg ./src/math/fft_ntt/fft.cpp)...executed.

 (./CheatSheet.out.pyg
[28] [29])
runsystem(pygmentize -l cpp -f latex -P commandprefix=PYG -F tokenmerge -P math
escape=True -o CheatSheet.out.pyg ./src/math/fft_ntt/ntt.cpp)...executed.

 (./CheatSheet.out.pyg [30] [31])
runsystem(pygmentize -l cpp -f latex -P commandprefix=PYG -F tokenmerge -P math
escape=True -o CheatSheet.out.pyg ./src/math/generate_fun/normal.cpp)...execute
d.

 (./CheatSheet.out.pyg)
runsystem(pygmentize -l cpp -f latex -P commandprefix=PYG -F tokenmerge -P math
escape=True -o CheatSheet.out.pyg ./src/math/bsgs.cpp)...executed.


(./CheatSheet.out.pyg [32])
runsystem(pygmentize -l cpp -f latex -P commandprefix=PYG -F tokenmerge -P math
escape=True -o CheatSheet.out.pyg ./src/math/simpson.cpp)...executed.

 (./CheatSheet.out.pyg)
runsystem(pygmentize -l cpp -f latex -P commandprefix=PYG -F tokenmerge -P math
escape=True -o CheatSheet.out.pyg ./src/math/extgcd.cpp)...executed.

 (./CheatSheet.out.pyg)
runsystem(pygmentize -l cpp -f latex -P commandprefix=PYG -F tokenmerge -P math
escape=True -o CheatSheet.out.pyg ./src/math/inv_prime.cpp)...executed.


(./CheatSheet.out.pyg [33])
runsystem(pygmentize -l cpp -f latex -P commandprefix=PYG -F tokenmerge -P math
escape=True -o CheatSheet.out.pyg ./src/math/cantor.cpp)...executed.

 (./CheatSheet.out.pyg [34])
runsystem(pygmentize -l cpp -f latex -P commandprefix=PYG -F tokenmerge -P math
escape=True -o CheatSheet.out.pyg ./src/math/dujiao/calc_fun_pref_sum.cpp)...ex
ecuted.

 (./CheatSheet.out.pyg
[35])
runsystem(pygmentize -l cpp -f latex -P commandprefix=PYG -F tokenmerge -P math
escape=True -o CheatSheet.out.pyg ./src/math/min25/calc_fun_pref_sum.cpp)...exe
cuted.

 (./CheatSheet.out.pyg [36] [37] [38])
runsystem(pygmentize -l cpp -f latex -P commandprefix=PYG -F tokenmerge -P math
escape=True -o CheatSheet.out.pyg ./src/tree/fenwick_tree.cpp)...executed.

 (./CheatSheet.out.pyg)
runsystem(pygmentize -l cpp -f latex -P commandprefix=PYG -F tokenmerge -P math
escape=True -o CheatSheet.out.pyg ./src/tree/segment_tree/merge.cpp)...executed
.


(./CheatSheet.out.pyg)
runsystem(pygmentize -l cpp -f latex -P commandprefix=PYG -F tokenmerge -P math
escape=True -o CheatSheet.out.pyg ./src/tree/chairman_tree/chairman_tree.cpp)..
.executed.

 (./CheatSheet.out.pyg [39])
runsystem(pygmentize -l cpp -f latex -P commandprefix=PYG -F tokenmerge -P math
escape=True -o CheatSheet.out.pyg ./src/tree/chairman_tree/lower_bound_y.cpp)..
.executed.

 (./CheatSheet.out.pyg
[40])
runsystem(pygmentize -l cpp -f latex -P commandprefix=PYG -F tokenmerge -P math
escape=True -o CheatSheet.out.pyg ./src/tree/balanced_tree/treap.cpp)...execute
d.

 (./CheatSheet.out.pyg [41] [42])
runsystem(pygmentize -l cpp -f latex -P commandprefix=PYG -F tokenmerge -P math
escape=True -o CheatSheet.out.pyg ./src/tree/balanced_tree/splay.cpp)...execute
d.

 (./CheatSheet.out.pyg [43] [44] [45])
runsystem(pygmentize -l cpp -f latex -P commandprefix=PYG -F tokenmerge -P math
escape=True -o CheatSheet.out.pyg ./src/tree/balanced_tree/maintained_fhq_treap
.cpp)...executed.


(./CheatSheet.out.pyg [46] [47])
runsystem(pygmentize -l cpp -f latex -P commandprefix=PYG -F tokenmerge -P math
escape=True -o CheatSheet.out.pyg ./src/tree/balanced_tree/maintained_fhq_treap
_with_pushdown.cpp)...executed.

 (./CheatSheet.out.pyg [48] [49])
runsystem(pygmentize -l cpp -f latex -P commandprefix=PYG -F tokenmerge -P math
escape=True -o CheatSheet.out.pyg ./src/tree/lca/2pow.cpp)...executed.


(./CheatSheet.out.pyg)
runsystem(pygmentize -l cpp -f latex -P commandprefix=PYG -F tokenmerge -P math
escape=True -o CheatSheet.out.pyg ./src/tree/lca/tarjan.cpp)...executed.

 (./CheatSheet.out.pyg [50])
runsystem(pygmentize -l cpp -f latex -P commandprefix=PYG -F tokenmerge -P math
escape=True -o CheatSheet.out.pyg ./src/tree/lca/rmq.cpp)...executed.

 (./CheatSheet.out.pyg
[51])
runsystem(pygmentize -l cpp -f latex -P commandprefix=PYG -F tokenmerge -P math
escape=True -o CheatSheet.out.pyg ./src/tree/dsu_with_val.cpp)...executed.

 (./CheatSheet.out.pyg)
runsystem(pygmentize -l cpp -f latex -P commandprefix=PYG -F tokenmerge -P math
escape=True -o CheatSheet.out.pyg ./src/tree/dfs_clock.cpp)...executed.

 (./CheatSheet.out.pyg [52])
runsystem(pygmentize -l cpp -f latex -P commandprefix=PYG -F tokenmerge -P math
escape=True -o CheatSheet.out.pyg ./src/tree/tree_diameter.cpp)...executed.

 (./CheatSheet.out.pyg)
runsystem(pygmentize -l cpp -f latex -P commandprefix=PYG -F tokenmerge -P math
escape=True -o CheatSheet.out.pyg ./src/tree/tree_chain.cpp)...executed.

(./CheatSheet.out.pyg [53] [54])
runsystem(pygmentize -l cpp -f latex -P commandprefix=PYG -F tokenmerge -P math
escape=True -o CheatSheet.out.pyg ./src/tree/odt.cpp)...executed.

 (./CheatSheet.out.pyg [55] [56])
runsystem(pygmentize -l cpp -f latex -P commandprefix=PYG -F tokenmerge -P math
escape=True -o CheatSheet.out.pyg ./src/tree/divide_and_conque/divide_and_conqu
e.cpp)...executed.


(./CheatSheet.out.pyg [57])
runsystem(pygmentize -l cpp -f latex -P commandprefix=PYG -F tokenmerge -P math
escape=True -o CheatSheet.out.pyg ./src/tree/divide_and_conque/divide_and_conqu
e_with_dynamic.cpp)...executed.

 (./CheatSheet.out.pyg [58] [59] [60])
runsystem(pygmentize -l cpp -f latex -P commandprefix=PYG -F tokenmerge -P math
escape=True -o CheatSheet.out.pyg ./src/tree/lct/lct.cpp)...executed.


(./CheatSheet.out.pyg [61] [62] [63])
runsystem(pygmentize -l cpp -f latex -P commandprefix=PYG -F tokenmerge -P math
escape=True -o CheatSheet.out.pyg ./src/tree/lct/lct_with_maintained_subtree.cp
p)...executed.

 (./CheatSheet.out.pyg [64] [65])
runsystem(pygmentize -l cpp -f latex -P commandprefix=PYG -F tokenmerge -P math
escape=True -o CheatSheet.out.pyg ./src/tree/leftist_tree/leftist_tree.cpp)...e
xecuted.


(./CheatSheet.out.pyg [66] [67])
runsystem(pygmentize -l cpp -f latex -P commandprefix=PYG -F tokenmerge -P math
escape=True -o CheatSheet.out.pyg ./src/tree/leftist_tree/leftist_tree_with_pus
hdown.cpp)...executed.

 (./CheatSheet.out.pyg [68])
runsystem(pygmentize -l cpp -f latex -P commandprefix=PYG -F tokenmerge -P math
escape=True -o CheatSheet.out.pyg ./src/graph/msp/spfa_with_slf.cpp)...executed
.


(./CheatSheet.out.pyg)
runsystem(pygmentize -l cpp -f latex -P commandprefix=PYG -F tokenmerge -P math
escape=True -o CheatSheet.out.pyg ./src/graph/msp/dijkstra.cpp)...executed.

 (./CheatSheet.out.pyg [69])
runsystem(pygmentize -l cpp -f latex -P commandprefix=PYG -F tokenmerge -P math
escape=True -o CheatSheet.out.pyg ./src/graph/mst/prim.cpp)...executed.

 (./CheatSheet.out.pyg
[70])
runsystem(pygmentize -l cpp -f latex -P commandprefix=PYG -F tokenmerge -P math
escape=True -o CheatSheet.out.pyg ./src/graph/mst/kruskal.cpp)...executed.

 (./CheatSheet.out.pyg)
runsystem(pygmentize -l cpp -f latex -P commandprefix=PYG -F tokenmerge -P math
escape=True -o CheatSheet.out.pyg ./src/graph/toposort_bfs.cpp)...executed.

 (./CheatSheet.out.pyg)
runsystem(pygmentize -l cpp -f latex -P commandprefix=PYG -F tokenmerge -P math
escape=True -o CheatSheet.out.pyg ./src/graph/almost_max_clique.cpp)...executed
.

 (./CheatSheet.out.pyg
[71] [72])
runsystem(pygmentize -l cpp -f latex -P commandprefix=PYG -F tokenmerge -P math
escape=True -o CheatSheet.out.pyg ./src/graph/max_clique.cpp)...executed.

 (./CheatSheet.out.pyg [73])
runsystem(pygmentize -l cpp -f latex -P commandprefix=PYG -F tokenmerge -P math
escape=True -o CheatSheet.out.pyg ./src/graph/max_flow/isap.cpp)...executed.

 (./CheatSheet.out.pyg [74] [75])
runsystem(pygmentize -l cpp -f latex -P commandprefix=PYG -F tokenmerge -P math
escape=True -o CheatSheet.out.pyg ./src/graph/max_flow/hlpp.cpp)...executed.


(./CheatSheet.out.pyg [76] [77])
runsystem(pygmentize -l cpp -f latex -P commandprefix=PYG -F tokenmerge -P math
escape=True -o CheatSheet.out.pyg ./src/graph/cost_flow/ek_spfa.cpp)...executed
.

 (./CheatSheet.out.pyg [78])
runsystem(pygmentize -l cpp -f latex -P commandprefix=PYG -F tokenmerge -P math
escape=True -o CheatSheet.out.pyg ./src/graph/cost_flow/primal-dual-dijkstra.cp
p)...executed.


(./CheatSheet.out.pyg [79] [80])
runsystem(pygmentize -l cpp -f latex -P commandprefix=PYG -F tokenmerge -P math
escape=True -o CheatSheet.out.pyg ./src/graph/cost_flow/multi_aug_with_primal_d
ual_dijkstra.cpp)...executed.

 (./CheatSheet.out.pyg [81] [82] [83])
runsystem(pygmentize -l cpp -f latex -P commandprefix=PYG -F tokenmerge -P math
escape=True -o CheatSheet.out.pyg ./src/graph/euler/undirected.cpp)...executed.


(./CheatSheet.out.pyg)
runsystem(pygmentize -l cpp -f latex -P commandprefix=PYG -F tokenmerge -P math
escape=True -o CheatSheet.out.pyg ./src/graph/euler/directed.cpp)...executed.

 (./CheatSheet.out.pyg [84])
runsystem(pygmentize -l cpp -f latex -P commandprefix=PYG -F tokenmerge -P math
escape=True -o CheatSheet.out.pyg ./src/graph/match/km_bfs.cpp)...executed.

 (./CheatSheet.out.pyg
[85] [86])
runsystem(pygmentize -l cpp -f latex -P commandprefix=PYG -F tokenmerge -P math
escape=True -o CheatSheet.out.pyg ./src/graph/match/blossom.cpp)...executed.

 (./CheatSheet.out.pyg [87] [88] [89])
runsystem(pygmentize -l cpp -f latex -P commandprefix=PYG -F tokenmerge -P math
escape=True -o CheatSheet.out.pyg ./src/graph/connected_component/node_tarjan.c
pp)...executed.

 (./CheatSheet.out.pyg [90])
runsystem(pygmentize -l cpp -f latex -P commandprefix=PYG -F tokenmerge -P math
escape=True -o CheatSheet.out.pyg ./src/graph/connected_component/scc.cpp)...ex
ecuted.


(./CheatSheet.out.pyg [91] [92])
runsystem(pygmentize -l cpp -f latex -P commandprefix=PYG -F tokenmerge -P math
escape=True -o CheatSheet.out.pyg ./src/graph/global_cut.cpp)...executed.

 (./CheatSheet.out.pyg [93] [94])
runsystem(pygmentize -l cpp -f latex -P commandprefix=PYG -F tokenmerge -P math
escape=True -o CheatSheet.out.pyg ./src/graph/k_path.cpp)...executed.


(./CheatSheet.out.pyg [95])
runsystem(pygmentize -l cpp -f latex -P commandprefix=PYG -F tokenmerge -P math
escape=True -o CheatSheet.out.pyg ./src/graph/2sat_brute_force.cpp)...executed.

 (./CheatSheet.out.pyg [96] [97])
runsystem(pygmentize -l cpp -f latex -P commandprefix=PYG -F tokenmerge -P math
escape=True -o CheatSheet.out.pyg ./src/geo/half_plane.cpp)...executed.


(./CheatSheet.out.pyg [98] [99])
runsystem(pygmentize -l cpp -f latex -P commandprefix=PYG -F tokenmerge -P math
escape=True -o CheatSheet.out.pyg ./src/geo/andrew.cpp)...executed.

 (./CheatSheet.out.pyg [100])
runsystem(pygmentize -l cpp -f latex -P commandprefix=PYG -F tokenmerge -P math
escape=True -o CheatSheet.out.pyg ./src/geo/segment_cross.cpp)...executed.


(./CheatSheet.out.pyg [101] [102])
runsystem(pygmentize -l cpp -f latex -P commandprefix=PYG -F tokenmerge -P math
escape=True -o CheatSheet.out.pyg ./src/dsao/mon_que_solve_rmq_with_k.cpp)...ex
ecuted.

 (./CheatSheet.out.pyg)
runsystem(pygmentize -l cpp -f latex -P commandprefix=PYG -F tokenmerge -P math
escape=True -o CheatSheet.out.pyg ./src/dsao/mon_stk_solve_min_interval.cpp)...
executed.

 (./CheatSheet.out.pyg)
runsystem(pygmentize -l cpp -f latex -P commandprefix=PYG -F tokenmerge -P math
escape=True -o CheatSheet.out.pyg ./src/dsao/simulated_annealing.cpp)...execute
d.

 (./CheatSheet.out.pyg [103] [104])
runsystem(pygmentize -l cpp -f latex -P commandprefix=PYG -F tokenmerge -P math
escape=True -o CheatSheet.out.pyg ./src/dsao/rmq.cpp)...executed.

 (./CheatSheet.out.pyg)
runsystem(pygmentize -l cpp -f latex -P commandprefix=PYG -F tokenmerge -P math
escape=True -o CheatSheet.out.pyg ./src/dsao/sg_function.cpp)...executed.


(./CheatSheet.out.pyg [105])
runsystem(pygmentize -l cpp -f latex -P commandprefix=PYG -F tokenmerge -P math
escape=True -o CheatSheet.out.pyg ./src/dsao/hang_line_solve_01matrix.cpp)...ex
ecuted.

 (./CheatSheet.out.pyg [106] [107])
runsystem(pygmentize -l cpp -f latex -P commandprefix=PYG -F tokenmerge -P math
escape=True -o CheatSheet.out.pyg ./src/dsao/deque.cpp)...executed.


(./CheatSheet.out.pyg)
runsystem(pygmentize -l cpp -f latex -P commandprefix=PYG -F tokenmerge -P math
escape=True -o CheatSheet.out.pyg ./src/dsao/permuation_generation_iterate.cpp)
...executed.

 (./CheatSheet.out.pyg [108])
runsystem(pygmentize -l cpp -f latex -P commandprefix=PYG -F tokenmerge -P math
escape=True -o CheatSheet.out.pyg ./src/dsao/ddp/sequence.cpp)...executed.

 (./CheatSheet.out.pyg
[109] [110])
runsystem(pygmentize -l cpp -f latex -P commandprefix=PYG -F tokenmerge -P math
escape=True -o CheatSheet.out.pyg ./src/dsao/ddp/max_independent_on_tree.cpp)..
.executed.

 (./CheatSheet.out.pyg [111] [112] [113] [114])
runsystem(pygmentize -l cpp -f latex -P commandprefix=PYG -F tokenmerge -P math
escape=True -o CheatSheet.out.pyg ./src/dsao/cdq/2d_lis.cpp)...executed.


(./CheatSheet.out.pyg [115] [116] [117])
runsystem(pygmentize -l cpp -f latex -P commandprefix=PYG -F tokenmerge -P math
escape=True -o CheatSheet.out.pyg ./src/dsao/kdp/CF-1083E.cpp)...executed.

 (./CheatSheet.out.pyg [118])
runsystem(pygmentize -l cpp -f latex -P commandprefix=PYG -F tokenmerge -P math
escape=True -o CheatSheet.out.pyg ./src/dsao/mo/without_modify.cpp)...executed.


(./CheatSheet.out.pyg [119])
runsystem(pygmentize -l cpp -f latex -P commandprefix=PYG -F tokenmerge -P math
escape=True -o CheatSheet.out.pyg ./src/dsao/mo/with_modify.cpp)...executed.

 (./CheatSheet.out.pyg [120] [121])
runsystem(pygmentize -l cpp -f latex -P commandprefix=PYG -F tokenmerge -P math
escape=True -o CheatSheet.out.pyg ./src/dsao/mo/mo_on_tree.cpp)...executed.


(./CheatSheet.out.pyg [122] [123] [124] [125])
runsystem(pygmentize -l cpp -f latex -P commandprefix=PYG -F tokenmerge -P math
escape=True -o CheatSheet.out.pyg ./src/dsao/block/number_of_number_with_even_t
imes_with_dynamic_query.cpp)...executed.

 (./CheatSheet.out.pyg [126]
[127])
runsystem(pygmentize -l cpp -f latex -P commandprefix=PYG -F tokenmerge -P math
escape=True -o CheatSheet.out.pyg ./src/dsao/block/most_frequent_number_query_d
ynamic.cpp)...executed.

 (./CheatSheet.out.pyg [128] [129]) (./src/note/prime_table.tex)
Underfull \hbox (badness 10000) in paragraph at lines 3--253

 []

[130] (./src/note/formula.tex) (./src/note/facts.tex)
(./src/note/catalan_number.tex [131]) (./src/note/combination.tex [132])
(./src/note/sum_of_gcd.tex [133]) (./src/note/sum_of_lcm.tex [134])
(./src/note/sum_of_dij.tex [135]) (./src/note/sum_of_lcm_i_n.tex [136])
(./src/note/lagrange_polynomial.tex [137]) (./src/note/min25_sieve.tex)
(./src/note/matrix_tree.tex [138])) [139] (./CheatSheet.aux)

LaTeX Font Warning: Some font shapes were not available, defaults substituted.

runsystem(del CheatSheet.out.pyg)...executed.

 ) 
Here is how much of TeX's memory you used:
 19606 strings out of 492922
 424662 string characters out of 6131734
 560263 words of memory out of 5000000
 23218 multiletter control sequences out of 15000+600000
 537563 words of font info for 70 fonts, out of 8000000 for 9000
 1348 hyphenation exceptions out of 8191
 50i,13n,69p,882b,503s stack positions out of 5000i,500n,10000p,200000b,80000s

Output written on CheatSheet.pdf (144 pages).
